# JRE version: OpenJDK Runtime Environment Temurin-17.0.2+8 (17.0.2+8) (build 17.0.2+8)
# Java VM: OpenJDK 64-Bit Server VM Temurin-17.0.2+8 (17.0.2+8, mixed mode, tiered, compressed oops, compressed class ptrs, parallel gc, linux-amd64)
GC Precious Log:
 CPUs: 4 total, 4 available
 Memory: 3784M
 Large Page Support: Disabled
 NUMA Support: Disabled
 Compressed Oops: Enabled (32-bit)
 Alignments: Space 512K, Generation 512K, Heap 2M
 Heap Min Capacity: 100M
 Heap Initial Capacity: 100M
 Heap Max Capacity: 1G
 Pre-touch: Disabled
 Parallel Workers: 4
Heap:
 PSYoungGen      total 10752K, used 10731K [0x00000000eab00000, 0x00000000ebe00000, 0x0000000100000000)
  eden space 8704K, 100% used [0x00000000eab00000,0x00000000eb380000,0x00000000eb380000)
  from space 2048K, 98% used [0x00000000eb880000,0x00000000eba7ace0,0x00000000eba80000)
  to   space 5120K, 20% used [0x00000000eb380000,0x00000000eb4899d0,0x00000000eb880000)
 ParOldGen       total 122368K, used 104257K [0x00000000c0000000, 0x00000000c7780000, 0x00000000eab00000)
  object space 122368K, 85% used [0x00000000c0000000,0x00000000c65d06a0,0x00000000c7780000)
 Metaspace       used 74344K, committed 75200K, reserved 1122304K
  class space    used 7585K, committed 8000K, reserved 1048576K
GC Heap History (20 events):
Event: 657.255 GC heap after
{Heap after GC invocations=909 (full 28):
 PSYoungGen      total 8192K, used 1664K [0x00000000eab00000, 0x00000000eb980000, 0x0000000100000000)
  eden space 6144K, 0% used [0x00000000eab00000,0x00000000eab00000,0x00000000eb100000)
  from space 2048K, 81% used [0x00000000eb100000,0x00000000eb2a0000,0x00000000eb300000)
  to   space 3584K, 0% used [0x00000000eb600000,0x00000000eb600000,0x00000000eb980000)
 ParOldGen       total 122368K, used 86698K [0x00000000c0000000, 0x00000000c7780000, 0x00000000eab00000)
  object space 122368K, 70% used [0x00000000c0000000,0x00000000c54aaac0,0x00000000c7780000)
 Metaspace       used 74227K, committed 75072K, reserved 1122304K
  class space    used 7584K, committed 8000K, reserved 1048576K
}
Event: 657.277 GC heap before
{Heap before GC invocations=910 (full 28):
 PSYoungGen      total 8192K, used 7808K [0x00000000eab00000, 0x00000000eb980000, 0x0000000100000000)
  eden space 6144K, 100% used [0x00000000eab00000,0x00000000eb100000,0x00000000eb100000)
  from space 2048K, 81% used [0x00000000eb100000,0x00000000eb2a0000,0x00000000eb300000)
  to   space 3584K, 0% used [0x00000000eb600000,0x00000000eb600000,0x00000000eb980000)
 ParOldGen       total 122368K, used 86698K [0x00000000c0000000, 0x00000000c7780000, 0x00000000eab00000)
  object space 122368K, 70% used [0x00000000c0000000,0x00000000c54aaac0,0x00000000c7780000)
 Metaspace       used 74229K, committed 75072K, reserved 1122304K
  class space    used 7584K, committed 8000K, reserved 1048576K
}
Event: 657.298 GC heap after
{Heap after GC invocations=910 (full 28):
 PSYoungGen      total 10752K, used 2753K [0x00000000eab00000, 0x00000000eb900000, 0x0000000100000000)
  eden space 7680K, 0% used [0x00000000eab00000,0x00000000eab00000,0x00000000eb280000)
  from space 3072K, 89% used [0x00000000eb600000,0x00000000eb8b0790,0x00000000eb900000)
  to   space 3072K, 0% used [0x00000000eb300000,0x00000000eb300000,0x00000000eb600000)
 ParOldGen       total 122368K, used 88264K [0x00000000c0000000, 0x00000000c7780000, 0x00000000eab00000)
  object space 122368K, 72% used [0x00000000c0000000,0x00000000c5632018,0x00000000c7780000)
 Metaspace       used 74229K, committed 75072K, reserved 1122304K
  class space    used 7584K, committed 8000K, reserved 1048576K
}
Event: 657.397 GC heap before
{Heap before GC invocations=911 (full 28):
 PSYoungGen      total 10752K, used 10433K [0x00000000eab00000, 0x00000000eb900000, 0x0000000100000000)
  eden space 7680K, 100% used [0x00000000eab00000,0x00000000eb280000,0x00000000eb280000)
  from space 3072K, 89% used [0x00000000eb600000,0x00000000eb8b0790,0x00000000eb900000)
  to   space 3072K, 0% used [0x00000000eb300000,0x00000000eb300000,0x00000000eb600000)
 ParOldGen       total 122368K, used 88264K [0x00000000c0000000, 0x00000000c7780000, 0x00000000eab00000)
  object space 122368K, 72% used [0x00000000c0000000,0x00000000c5632018,0x00000000c7780000)
 Metaspace       used 74229K, committed 75072K, reserved 1122304K
  class space    used 7584K, committed 8000K, reserved 1048576K
}
Event: 657.410 GC heap after
{Heap after GC invocations=911 (full 28):
 PSYoungGen      total 11264K, used 976K [0x00000000eab00000, 0x00000000eb800000, 0x0000000100000000)
  eden space 8192K, 0% used [0x00000000eab00000,0x00000000eab00000,0x00000000eb300000)
  from space 3072K, 31% used [0x00000000eb300000,0x00000000eb3f4060,0x00000000eb600000)
  to   space 2048K, 0% used [0x00000000eb600000,0x00000000eb600000,0x00000000eb800000)
 ParOldGen       total 122368K, used 89432K [0x00000000c0000000, 0x00000000c7780000, 0x00000000eab00000)
  object space 122368K, 73% used [0x00000000c0000000,0x00000000c5756068,0x00000000c7780000)
 Metaspace       used 74229K, committed 75072K, reserved 1122304K
  class space    used 7584K, committed 8000K, reserved 1048576K
}
Event: 657.623 GC heap before
{Heap before GC invocations=912 (full 28):
 PSYoungGen      total 11264K, used 9168K [0x00000000eab00000, 0x00000000eb800000, 0x0000000100000000)
  eden space 8192K, 100% used [0x00000000eab00000,0x00000000eb300000,0x00000000eb300000)
  from space 3072K, 31% used [0x00000000eb300000,0x00000000eb3f4060,0x00000000eb600000)
  to   space 2048K, 0% used [0x00000000eb600000,0x00000000eb600000,0x00000000eb800000)
 ParOldGen       total 122368K, used 89432K [0x00000000c0000000, 0x00000000c7780000, 0x00000000eab00000)
  object space 122368K, 73% used [0x00000000c0000000,0x00000000c5756068,0x00000000c7780000)
 Metaspace       used 74248K, committed 75136K, reserved 1122304K
  class space    used 7584K, committed 8000K, reserved 1048576K
}
Event: 657.637 GC heap after
{Heap after GC invocations=912 (full 28):
 PSYoungGen      total 9728K, used 2017K [0x00000000eab00000, 0x00000000ebc00000, 0x0000000100000000)
  eden space 7680K, 0% used [0x00000000eab00000,0x00000000eab00000,0x00000000eb280000)
  from space 2048K, 98% used [0x00000000eb600000,0x00000000eb7f8790,0x00000000eb800000)
  to   space 3584K, 0% used [0x00000000eb280000,0x00000000eb280000,0x00000000eb600000)
 ParOldGen       total 122368K, used 90375K [0x00000000c0000000, 0x00000000c7780000, 0x00000000eab00000)
  object space 122368K, 73% used [0x00000000c0000000,0x00000000c5841d80,0x00000000c7780000)
 Metaspace       used 74248K, committed 75136K, reserved 1122304K
  class space    used 7584K, committed 8000K, reserved 1048576K
}
Event: 657.727 GC heap before
{Heap before GC invocations=913 (full 28):
 PSYoungGen      total 9728K, used 9697K [0x00000000eab00000, 0x00000000ebc00000, 0x0000000100000000)
  eden space 7680K, 100% used [0x00000000eab00000,0x00000000eb280000,0x00000000eb280000)
  from space 2048K, 98% used [0x00000000eb600000,0x00000000eb7f8790,0x00000000eb800000)
  to   space 3584K, 0% used [0x00000000eb280000,0x00000000eb280000,0x00000000eb600000)
 ParOldGen       total 122368K, used 90375K [0x00000000c0000000, 0x00000000c7780000, 0x00000000eab00000)
  object space 122368K, 73% used [0x00000000c0000000,0x00000000c5841d80,0x00000000c7780000)
 Metaspace       used 74248K, committed 75136K, reserved 1122304K
  class space    used 7584K, committed 8000K, reserved 1048576K
}
Event: 657.751 GC heap after
{Heap after GC invocations=913 (full 28):
 PSYoungGen      total 11264K, used 2976K [0x00000000eab00000, 0x00000000eba00000, 0x0000000100000000)
  eden space 7680K, 0% used [0x00000000eab00000,0x00000000eab00000,0x00000000eb280000)
  from space 3584K, 83% used [0x00000000eb280000,0x00000000eb568000,0x00000000eb600000)
  to   space 3072K, 0% used [0x00000000eb700000,0x00000000eb700000,0x00000000eba00000)
 ParOldGen       total 122368K, used 92377K [0x00000000c0000000, 0x00000000c7780000, 0x00000000eab00000)
  object space 122368K, 75% used [0x00000000c0000000,0x00000000c5a364f0,0x00000000c7780000)
 Metaspace       used 74248K, committed 75136K, reserved 1122304K
  class space    used 7584K, committed 8000K, reserved 1048576K
}
Event: 657.977 GC heap before
{Heap before GC invocations=914 (full 28):
 PSYoungGen      total 11264K, used 10653K [0x00000000eab00000, 0x00000000eba00000, 0x0000000100000000)
  eden space 7680K, 99% used [0x00000000eab00000,0x00000000eb27f4c8,0x00000000eb280000)
  from space 3584K, 83% used [0x00000000eb280000,0x00000000eb568000,0x00000000eb600000)
  to   space 3072K, 0% used [0x00000000eb700000,0x00000000eb700000,0x00000000eba00000)
 ParOldGen       total 122368K, used 92377K [0x00000000c0000000, 0x00000000c7780000, 0x00000000eab00000)
  object space 122368K, 75% used [0x00000000c0000000,0x00000000c5a364f0,0x00000000c7780000)
 Metaspace       used 74249K, committed 75136K, reserved 1122304K
  class space    used 7584K, committed 8000K, reserved 1048576K
}
Event: 657.983 GC heap after
{Heap after GC invocations=914 (full 28):
 PSYoungGen      total 10752K, used 1040K [0x00000000eab00000, 0x00000000eb880000, 0x0000000100000000)
  eden space 9216K, 0% used [0x00000000eab00000,0x00000000eab00000,0x00000000eb400000)
  from space 1536K, 67% used [0x00000000eb700000,0x00000000eb804010,0x00000000eb880000)
  to   space 2048K, 0% used [0x00000000eb480000,0x00000000eb480000,0x00000000eb680000)
 ParOldGen       total 122368K, used 95345K [0x00000000c0000000, 0x00000000c7780000, 0x00000000eab00000)
  object space 122368K, 77% used [0x00000000c0000000,0x00000000c5d1c510,0x00000000c7780000)
 Metaspace       used 74249K, committed 75136K, reserved 1122304K
  class space    used 7584K, committed 8000K, reserved 1048576K
}
Event: 659.964 GC heap before
{Heap before GC invocations=915 (full 28):
 PSYoungGen      total 10752K, used 10256K [0x00000000eab00000, 0x00000000eb880000, 0x0000000100000000)
  eden space 9216K, 100% used [0x00000000eab00000,0x00000000eb400000,0x00000000eb400000)
  from space 1536K, 67% used [0x00000000eb700000,0x00000000eb804010,0x00000000eb880000)
  to   space 2048K, 0% used [0x00000000eb480000,0x00000000eb480000,0x00000000eb680000)
 ParOldGen       total 122368K, used 95345K [0x00000000c0000000, 0x00000000c7780000, 0x00000000eab00000)
  object space 122368K, 77% used [0x00000000c0000000,0x00000000c5d1c510,0x00000000c7780000)
 Metaspace       used 74249K, committed 75136K, reserved 1122304K
  class space    used 7584K, committed 8000K, reserved 1048576K
}
Event: 659.989 GC heap after
{Heap after GC invocations=915 (full 28):
 PSYoungGen      total 11264K, used 2031K [0x00000000eab00000, 0x00000000ec000000, 0x0000000100000000)
  eden space 9216K, 0% used [0x00000000eab00000,0x00000000eab00000,0x00000000eb400000)
  from space 2048K, 99% used [0x00000000eb480000,0x00000000eb67bff0,0x00000000eb680000)
  to   space 6144K, 0% used [0x00000000eba00000,0x00000000eba00000,0x00000000ec000000)
 ParOldGen       total 122368K, used 98290K [0x00000000c0000000, 0x00000000c7780000, 0x00000000eab00000)
  object space 122368K, 80% used [0x00000000c0000000,0x00000000c5ffca20,0x00000000c7780000)
 Metaspace       used 74249K, committed 75136K, reserved 1122304K
  class space    used 7584K, committed 8000K, reserved 1048576K
}
Event: 662.370 GC heap before
{Heap before GC invocations=916 (full 28):
 PSYoungGen      total 11264K, used 11247K [0x00000000eab00000, 0x00000000ec000000, 0x0000000100000000)
  eden space 9216K, 100% used [0x00000000eab00000,0x00000000eb400000,0x00000000eb400000)
  from space 2048K, 99% used [0x00000000eb480000,0x00000000eb67bff0,0x00000000eb680000)
  to   space 6144K, 0% used [0x00000000eba00000,0x00000000eba00000,0x00000000ec000000)
 ParOldGen       total 122368K, used 98290K [0x00000000c0000000, 0x00000000c7780000, 0x00000000eab00000)
  object space 122368K, 80% used [0x00000000c0000000,0x00000000c5ffca20,0x00000000c7780000)
 Metaspace       used 74274K, committed 75200K, reserved 1122304K
  class space    used 7585K, committed 8000K, reserved 1048576K
}
Event: 662.387 GC heap after
{Heap after GC invocations=916 (full 28):
 PSYoungGen      total 10752K, used 1504K [0x00000000eab00000, 0x00000000ebb80000, 0x0000000100000000)
  eden space 9216K, 0% used [0x00000000eab00000,0x00000000eab00000,0x00000000eb400000)
  from space 1536K, 97% used [0x00000000eba00000,0x00000000ebb78000,0x00000000ebb80000)
  to   space 3072K, 0% used [0x00000000eb580000,0x00000000eb580000,0x00000000eb880000)
 ParOldGen       total 122368K, used 98872K [0x00000000c0000000, 0x00000000c7780000, 0x00000000eab00000)
  object space 122368K, 80% used [0x00000000c0000000,0x00000000c608e310,0x00000000c7780000)
 Metaspace       used 74274K, committed 75200K, reserved 1122304K
  class space    used 7585K, committed 8000K, reserved 1048576K
}
Event: 662.695 GC heap before
{Heap before GC invocations=917 (full 28):
 PSYoungGen      total 10752K, used 10720K [0x00000000eab00000, 0x00000000ebb80000, 0x0000000100000000)
  eden space 9216K, 100% used [0x00000000eab00000,0x00000000eb400000,0x00000000eb400000)
  from space 1536K, 97% used [0x00000000eba00000,0x00000000ebb78000,0x00000000ebb80000)
  to   space 3072K, 0% used [0x00000000eb580000,0x00000000eb580000,0x00000000eb880000)
 ParOldGen       total 122368K, used 98872K [0x00000000c0000000, 0x00000000c7780000, 0x00000000eab00000)
  object space 122368K, 80% used [0x00000000c0000000,0x00000000c608e310,0x00000000c7780000)
 Metaspace       used 74279K, committed 75200K, reserved 1122304K
  class space    used 7585K, committed 8000K, reserved 1048576K
}
Event: 662.711 GC heap after
{Heap after GC invocations=917 (full 28):
 PSYoungGen      total 12288K, used 1872K [0x00000000eab00000, 0x00000000eba80000, 0x0000000100000000)
  eden space 9216K, 0% used [0x00000000eab00000,0x00000000eab00000,0x00000000eb400000)
  from space 3072K, 60% used [0x00000000eb580000,0x00000000eb754010,0x00000000eb880000)
  to   space 2048K, 0% used [0x00000000eb880000,0x00000000eb880000,0x00000000eba80000)
 ParOldGen       total 122368K, used 99922K [0x00000000c0000000, 0x00000000c7780000, 0x00000000eab00000)
  object space 122368K, 81% used [0x00000000c0000000,0x00000000c6194800,0x00000000c7780000)
 Metaspace       used 74279K, committed 75200K, reserved 1122304K
  class space    used 7585K, committed 8000K, reserved 1048576K
}
Event: 663.447 GC heap before
{Heap before GC invocations=918 (full 28):
 PSYoungGen      total 12288K, used 11088K [0x00000000eab00000, 0x00000000eba80000, 0x0000000100000000)
  eden space 9216K, 100% used [0x00000000eab00000,0x00000000eb400000,0x00000000eb400000)
  from space 3072K, 60% used [0x00000000eb580000,0x00000000eb754010,0x00000000eb880000)
  to   space 2048K, 0% used [0x00000000eb880000,0x00000000eb880000,0x00000000eba80000)
 ParOldGen       total 122368K, used 99922K [0x00000000c0000000, 0x00000000c7780000, 0x00000000eab00000)
  object space 122368K, 81% used [0x00000000c0000000,0x00000000c6194800,0x00000000c7780000)
 Metaspace       used 74315K, committed 75200K, reserved 1122304K
  class space    used 7585K, committed 8000K, reserved 1048576K
}
Event: 663.461 GC heap after
{Heap after GC invocations=918 (full 28):
 PSYoungGen      total 10752K, used 2027K [0x00000000eab00000, 0x00000000ebe00000, 0x0000000100000000)
  eden space 8704K, 0% used [0x00000000eab00000,0x00000000eab00000,0x00000000eb380000)
  from space 2048K, 98% used [0x00000000eb880000,0x00000000eba7ace0,0x00000000eba80000)
  to   space 5120K, 0% used [0x00000000eb380000,0x00000000eb380000,0x00000000eb880000)
 ParOldGen       total 122368K, used 102234K [0x00000000c0000000, 0x00000000c7780000, 0x00000000eab00000)
  object space 122368K, 83% used [0x00000000c0000000,0x00000000c63d69b0,0x00000000c7780000)
 Metaspace       used 74315K, committed 75200K, reserved 1122304K
  class space    used 7585K, committed 8000K, reserved 1048576K
}
Event: 727.147 GC heap before
{Heap before GC invocations=919 (full 28):
 PSYoungGen      total 10752K, used 10731K [0x00000000eab00000, 0x00000000ebe00000, 0x0000000100000000)
  eden space 8704K, 100% used [0x00000000eab00000,0x00000000eb380000,0x00000000eb380000)
  from space 2048K, 98% used [0x00000000eb880000,0x00000000eba7ace0,0x00000000eba80000)
  to   space 5120K, 0% used [0x00000000eb380000,0x00000000eb380000,0x00000000eb880000)
 ParOldGen       total 122368K, used 102234K [0x00000000c0000000, 0x00000000c7780000, 0x00000000eab00000)
  object space 122368K, 83% used [0x00000000c0000000,0x00000000c63d69b0,0x00000000c7780000)
 Metaspace       used 74344K, committed 75200K, reserved 1122304K
  class space    used 7585K, committed 8000K, reserved 1048576K
}

